Using pre-set license
Built from '2021.3/staging' branch; Version is '2021.3.11f1 (0a5ca18544bf) revision 679073'; Using compiler version '192829333'; Build Type 'Release'
OS: 'Windows 11  (10.0.22000) 64bit Core' Language: 'ru' Physical Memory: 32714 MB
BatchMode: 1, IsHumanControllingUs: 0, StartBugReporterOnCrash: 0, Is64bit: 1, IsPro: 1

COMMAND LINE ARGUMENTS:
C:\Program Files\Unity\Hub\Editor\2021.3.11f1\Editor\Unity.exe
-adb2
-batchMode
-noUpm
-name
AssetImportWorker8
-projectPath
C:/Users/vital/OneDrive/Рабочий стол/3D-Unity-Game/3D-Unity-Game
-logFile
Logs/AssetImportWorker8.log
-srvPort
56611
Successfully changed project path to: C:/Users/vital/OneDrive/Рабочий стол/3D-Unity-Game/3D-Unity-Game
C:/Users/vital/OneDrive/Рабочий стол/3D-Unity-Game/3D-Unity-Game
[UnityMemory] Configuration Parameters - Can be set up in boot.config
    "memorysetup-bucket-allocator-granularity=16"
    "memorysetup-bucket-allocator-bucket-count=8"
    "memorysetup-bucket-allocator-block-size=33554432"
    "memorysetup-bucket-allocator-block-count=8"
    "memorysetup-main-allocator-block-size=16777216"
    "memorysetup-thread-allocator-block-size=16777216"
    "memorysetup-gfx-main-allocator-block-size=16777216"
    "memorysetup-gfx-thread-allocator-block-size=16777216"
    "memorysetup-cache-allocator-block-size=4194304"
    "memorysetup-typetree-allocator-block-size=2097152"
    "memorysetup-profiler-bucket-allocator-granularity=16"
    "memorysetup-profiler-bucket-allocator-bucket-count=8"
    "memorysetup-profiler-bucket-allocator-block-size=33554432"
    "memorysetup-profiler-bucket-allocator-block-count=8"
    "memorysetup-profiler-allocator-block-size=16777216"
    "memorysetup-profiler-editor-allocator-block-size=1048576"
    "memorysetup-temp-allocator-size-main=16777216"
    "memorysetup-job-temp-allocator-block-size=2097152"
    "memorysetup-job-temp-allocator-block-size-background=1048576"
    "memorysetup-job-temp-allocator-reduction-small-platforms=262144"
    "memorysetup-temp-allocator-size-background-worker=32768"
    "memorysetup-temp-allocator-size-job-worker=262144"
    "memorysetup-temp-allocator-size-preload-manager=33554432"
    "memorysetup-temp-allocator-size-nav-mesh-worker=65536"
    "memorysetup-temp-allocator-size-audio-worker=65536"
    "memorysetup-temp-allocator-size-cloud-worker=32768"
    "memorysetup-temp-allocator-size-gi-baking-worker=262144"
    "memorysetup-temp-allocator-size-gfx=262144"
Refreshing native plugins compatible for Editor in 51.86 ms, found 3 plugins.
Preloading 0 native plugins for Editor in 0.00 ms.
Initialize engine version: 2021.3.11f1 (0a5ca18544bf)
[Subsystems] Discovering subsystems at path C:/Program Files/Unity/Hub/Editor/2021.3.11f1/Editor/Data/Resources/UnitySubsystems
[Subsystems] Discovering subsystems at path C:/Users/vital/OneDrive/Рабочий стол/3D-Unity-Game/3D-Unity-Game/Assets
GfxDevice: creating device client; threaded=0; jobified=0
Direct3D:
    Version:  Direct3D 11.0 [level 11.1]
    Renderer: NVIDIA GeForce RTX 3060 (ID=0x2504)
    Vendor:   NVIDIA
    VRAM:     12143 MB
    Driver:   30.0.14.7288
Initialize mono
Mono path[0] = 'C:/Program Files/Unity/Hub/Editor/2021.3.11f1/Editor/Data/Managed'
Mono path[1] = 'C:/Program Files/Unity/Hub/Editor/2021.3.11f1/Editor/Data/MonoBleedingEdge/lib/mono/unityjit-win32'
Mono config path = 'C:/Program Files/Unity/Hub/Editor/2021.3.11f1/Editor/Data/MonoBleedingEdge/etc'
Using monoOptions --debugger-agent=transport=dt_socket,embedding=1,server=y,suspend=n,address=127.0.0.1:56944
Begin MonoManager ReloadAssembly
Registering precompiled unity dll's ...
Register platform support module: C:/Program Files/Unity/Hub/Editor/2021.3.11f1/Editor/Data/PlaybackEngines/AndroidPlayer/UnityEditor.Android.Extensions.dll
Register platform support module: C:/Program Files/Unity/Hub/Editor/2021.3.11f1/Editor/Data/PlaybackEngines/WindowsStandaloneSupport/UnityEditor.WindowsStandalone.Extensions.dll
Registered in 0.004934 seconds.
Native extension for WindowsStandalone target not found
Native extension for Android target not found
Refreshing native plugins compatible for Editor in 52.36 ms, found 3 plugins.
Preloading 0 native plugins for Editor in 0.00 ms.
Mono: successfully reloaded assembly
- Completed reload, in  0.435 seconds
Domain Reload Profiling:
	ReloadAssembly (436ms)
		BeginReloadAssembly (49ms)
			ExecutionOrderSort (0ms)
			DisableScriptedObjects (0ms)
			BackupInstance (0ms)
			ReleaseScriptingObjects (0ms)
			CreateAndSetChildDomain (0ms)
		EndReloadAssembly (310ms)
			LoadAssemblies (47ms)
			RebuildTransferFunctionScriptingTraits (0ms)
			SetupTypeCache (67ms)
			ReleaseScriptCaches (0ms)
			RebuildScriptCaches (18ms)
			SetupLoadedEditorAssemblies (190ms)
				LogAssemblyErrors (0ms)
				InitializePlatformSupportModulesInManaged (39ms)
				SetLoadedEditorAssemblies (0ms)
				RefreshPlugins (52ms)
				BeforeProcessingInitializeOnLoad (2ms)
				ProcessInitializeOnLoadAttributes (66ms)
				ProcessInitializeOnLoadMethodAttributes (30ms)
				AfterProcessingInitializeOnLoad (0ms)
				EditorAssembliesLoaded (0ms)
			ExecutionOrderSort2 (0ms)
			AwakeInstancesAfterBackupRestoration (0ms)
Platform modules already initialized, skipping
Registering precompiled user dll's ...
Registered in 0.005146 seconds.
Begin MonoManager ReloadAssembly
Symbol file LoadedFromMemory doesn't match image C:\Users\vital\OneDrive\Рабочий стол\3D-Unity-Game\3D-Unity-Game\Library\PackageCache\com.unity.visualscripting@1.7.8\Editor\VisualScripting.Core\Dependencies\YamlDotNet\Unity.VisualScripting.YamlDotNet.dll
Symbol file LoadedFromMemory doesn't match image C:\Users\vital\OneDrive\Рабочий стол\3D-Unity-Game\3D-Unity-Game\Library\PackageCache\com.unity.visualscripting@1.7.8\Editor\VisualScripting.Core\Dependencies\DotNetZip\Unity.VisualScripting.IonicZip.dll
Native extension for WindowsStandalone target not found
Native extension for Android target not found
Refreshing native plugins compatible for Editor in 0.61 ms, found 3 plugins.
Preloading 0 native plugins for Editor in 0.00 ms.
Mono: successfully reloaded assembly
- Completed reload, in  0.811 seconds
Domain Reload Profiling:
	ReloadAssembly (812ms)
		BeginReloadAssembly (187ms)
			ExecutionOrderSort (0ms)
			DisableScriptedObjects (4ms)
			BackupInstance (0ms)
			ReleaseScriptingObjects (0ms)
			CreateAndSetChildDomain (125ms)
		EndReloadAssembly (544ms)
			LoadAssemblies (61ms)
			RebuildTransferFunctionScriptingTraits (0ms)
			SetupTypeCache (171ms)
			ReleaseScriptCaches (1ms)
			RebuildScriptCaches (33ms)
			SetupLoadedEditorAssemblies (252ms)
				LogAssemblyErrors (0ms)
				InitializePlatformSupportModulesInManaged (10ms)
				SetLoadedEditorAssemblies (0ms)
				RefreshPlugins (1ms)
				BeforeProcessingInitializeOnLoad (58ms)
				ProcessInitializeOnLoadAttributes (156ms)
				ProcessInitializeOnLoadMethodAttributes (20ms)
				AfterProcessingInitializeOnLoad (6ms)
				EditorAssembliesLoaded (0ms)
			ExecutionOrderSort2 (0ms)
			AwakeInstancesAfterBackupRestoration (4ms)
Platform modules already initialized, skipping
========================================================================
Worker process is ready to serve import requests
Launched and connected shader compiler UnityShaderCompiler.exe after 0.03 seconds
Refreshing native plugins compatible for Editor in 0.49 ms, found 3 plugins.
Preloading 0 native plugins for Editor in 0.00 ms.
Unloading 3434 Unused Serialized files (Serialized files now loaded: 0)
Unloading 24 unused Assets / (30.2 KB). Loaded Objects now: 3928.
Memory consumption went from 215.2 MB to 215.2 MB.
Total: 2.428500 ms (FindLiveObjects: 0.216100 ms CreateObjectMapping: 0.076500 ms MarkObjects: 2.115500 ms  DeleteObjects: 0.019600 ms)

AssetImportParameters requested are different than current active one (requested -> active):
  custom:video-decoder-ogg-theora: a1e56fd34408186e4bbccfd4996cb3dc -> 
  custom:container-muxer-webm: aa71ff27fc2769a1b78a27578f13a17b -> 
  custom:container-demuxer-webm: 4f35f7cbe854078d1ac9338744f61a02 -> 
  custom:video-encoder-webm-vp8: eb34c28f22e8b96e1ab97ce403110664 -> 
  custom:audio-encoder-webm-vorbis: bf7c407c2cedff20999df2af8eb42d56 -> 
  custom:framework-win-MediaFoundation: 216162199b28c13a410421893ffa2e32 -> 
  custom:container-demuxer-ogg: 62fdf1f143b41e24485cea50d1cbac27 -> 
  custom:video-decoder-webm-vp8: 9c59270c3fd7afecdb556c50c9e8de78 -> 
  custom:audio-decoder-ogg-vorbis: bf7c407c2cedff20999df2af8eb42d56 -> 
========================================================================
Received Import Request.
  Time since last request: 21082.800854 seconds.
  path: Assets/Resources/MyAsset/Ores/Iron_ore.asset
  artifactKey: Guid(651c1f2bb0756ce43b09269c889ee66c) Importer(815301076,1909f56bfc062723c751e8b465ee728b)
Start importing Assets/Resources/MyAsset/Ores/Iron_ore.asset using Guid(651c1f2bb0756ce43b09269c889ee66c) Importer(815301076,1909f56bfc062723c751e8b465ee728b)  -> (artifact id: '17c78673b64fd99d753b510cb4891e9e') in 0.033080 seconds 
========================================================================
Received Import Request.
  Time since last request: 7.179670 seconds.
  path: Assets/Resources/MyAsset/Trees/Oak_tree.prefab
  artifactKey: Guid(0c998bbbc989f794493119d7bd7bc8e0) Importer(815301076,1909f56bfc062723c751e8b465ee728b)
Start importing Assets/Resources/MyAsset/Trees/Oak_tree.prefab using Guid(0c998bbbc989f794493119d7bd7bc8e0) Importer(815301076,1909f56bfc062723c751e8b465ee728b)  -> (artifact id: '40c0d40a80d68de50943d4407522815e') in 0.094218 seconds 
========================================================================
Received Import Request.
  Time since last request: 47.012260 seconds.
  path: Assets/Resources/MyAsset/Bioms/Mountains.asset
  artifactKey: Guid(a80492213c7ecdd4ea77528e8dfaf0db) Importer(815301076,1909f56bfc062723c751e8b465ee728b)
Start importing Assets/Resources/MyAsset/Bioms/Mountains.asset using Guid(a80492213c7ecdd4ea77528e8dfaf0db) Importer(815301076,1909f56bfc062723c751e8b465ee728b)  -> (artifact id: '651fc4e269140f2d511e4aacfcbb61b4') in 0.003699 seconds 
========================================================================
Received Import Request.
  Time since last request: 22.238282 seconds.
  path: Assets/Resources/MyAsset/Buildings/Bours/Bour.prefab
  artifactKey: Guid(79787384b8af5ea4d83971253d23eab7) Importer(815301076,1909f56bfc062723c751e8b465ee728b)
Start importing Assets/Resources/MyAsset/Buildings/Bours/Bour.prefab using Guid(79787384b8af5ea4d83971253d23eab7) Importer(815301076,1909f56bfc062723c751e8b465ee728b) The AnimationClip 'Rotor Animation' used by the Animation component 'Rotor' must be marked as Legacy.
The AnimationClip 'Rotor Animation' used by the Animation component 'Rotor' must be marked as Legacy.
UnityEngine.StackTraceUtility:ExtractStackTrace ()
UnityEditor.EditorUtility:Internal_InstantiateRemoveAllNonAnimationComponentsSingle (UnityEngine.Object,UnityEngine.Vector3,UnityEngine.Quaternion)
UnityEditor.EditorUtility:InstantiateRemoveAllNonAnimationComponents (UnityEngine.Object,UnityEngine.Vector3,UnityEngine.Quaternion)
UnityEditor.EditorUtility:InstantiateForAnimatorPreview (UnityEngine.Object)
UnityEditor.GameObjectInspector/PreviewData:UpdateGameObject (UnityEngine.Object)
UnityEditor.GameObjectInspector/PreviewData:.ctor (UnityEngine.Object)
UnityEditor.GameObjectInspector:GetPreviewData ()
UnityEditor.GameObjectInspector:RenderStaticPreview (string,UnityEngine.Object[],int,int)
UnityEditor.AssetPreviewUpdater:CreatePreview (UnityEngine.Object,UnityEngine.Object[],string,int,int)
UnityEditor.AssetPreviewUpdater:CreatePreviewForAsset (UnityEngine.Object,UnityEngine.Object[],string)

[C:\buildslave\unity\build\Modules\Animation\Animation.cpp line 2050]

The AnimationClip 'Rotor Animation' used by the Animation component 'Rotor' must be marked as Legacy.
UnityEngine.StackTraceUtility:ExtractStackTrace ()
UnityEditor.EditorUtility:InitInstantiatedPreviewRecursive (UnityEngine.GameObject)
UnityEditor.EditorUtility:InstantiateForAnimatorPreview (UnityEngine.Object)
UnityEditor.GameObjectInspector/PreviewData:UpdateGameObject (UnityEngine.Object)
UnityEditor.GameObjectInspector/PreviewData:.ctor (UnityEngine.Object)
UnityEditor.GameObjectInspector:GetPreviewData ()
UnityEditor.GameObjectInspector:RenderStaticPreview (string,UnityEngine.Object[],int,int)
UnityEditor.AssetPreviewUpdater:CreatePreview (UnityEngine.Object,UnityEngine.Object[],string,int,int)
UnityEditor.AssetPreviewUpdater:CreatePreviewForAsset (UnityEngine.Object,UnityEngine.Object[],string)

[C:\buildslave\unity\build\Modules\Animation\Animation.cpp line 2050]

 -> (artifact id: 'eed07a711662801d7d0d0fde35aa6539') in 0.029690 seconds 
========================================================================
Received Import Request.
  Time since last request: 32.678569 seconds.
  path: Packages/com.unity.textmeshpro/Editor Resources/Textures/btn_AlignBaseLine_Light.psd
  artifactKey: Guid(18775b51e3bd42299fd30bd036ea982f) Importer(815301076,1909f56bfc062723c751e8b465ee728b)
Start importing Packages/com.unity.textmeshpro/Editor Resources/Textures/btn_AlignBaseLine_Light.psd using Guid(18775b51e3bd42299fd30bd036ea982f) Importer(815301076,1909f56bfc062723c751e8b465ee728b)  -> (artifact id: 'eeb0098a8b69ca1d6674471da9ab990f') in 0.054569 seconds 
========================================================================
Received Import Request.
  Time since last request: 0.000025 seconds.
  path: Packages/com.unity.textmeshpro/Editor Resources/Textures/btn_AlignJustified.psd
  artifactKey: Guid(92027f7f8cfc4feaa477da0dc38d3d46) Importer(815301076,1909f56bfc062723c751e8b465ee728b)
Start importing Packages/com.unity.textmeshpro/Editor Resources/Textures/btn_AlignJustified.psd using Guid(92027f7f8cfc4feaa477da0dc38d3d46) Importer(815301076,1909f56bfc062723c751e8b465ee728b)  -> (artifact id: '7615a9d6ecef861c26873a646db7d6de') in 0.014903 seconds 
========================================================================
Received Import Request.
  Time since last request: 0.000025 seconds.
  path: Packages/com.unity.textmeshpro/Editor Resources/Textures/btn_AlignLeft_Light.psd
  artifactKey: Guid(12736c98af174f91827a26b66d2b01b9) Importer(815301076,1909f56bfc062723c751e8b465ee728b)
Start importing Packages/com.unity.textmeshpro/Editor Resources/Textures/btn_AlignLeft_Light.psd using Guid(12736c98af174f91827a26b66d2b01b9) Importer(815301076,1909f56bfc062723c751e8b465ee728b)  -> (artifact id: 'a40089badcb46bd474238e069e92620f') in 0.016189 seconds 
========================================================================
Received Import Request.
  Time since last request: 0.000026 seconds.
  path: Packages/com.unity.textmeshpro/Editor Resources/Textures/btn_AlignMiddle_Light.psd
  artifactKey: Guid(066619c9c9c84f89acb1b48c11a7efe2) Importer(815301076,1909f56bfc062723c751e8b465ee728b)
Start importing Packages/com.unity.textmeshpro/Editor Resources/Textures/btn_AlignMiddle_Light.psd using Guid(066619c9c9c84f89acb1b48c11a7efe2) Importer(815301076,1909f56bfc062723c751e8b465ee728b)  -> (artifact id: '3caa1c638f6863e82a8942337f577f98') in 0.014541 seconds 
========================================================================
Received Import Request.
  Time since last request: 35.790097 seconds.
  path: Assets/Resources/Meshes/Oak_Tree.fbx
  artifactKey: Guid(fe3b3550235c38a4ebc83f7bc874db2a) Importer(815301076,1909f56bfc062723c751e8b465ee728b)
Start importing Assets/Resources/Meshes/Oak_Tree.fbx using Guid(fe3b3550235c38a4ebc83f7bc874db2a) Importer(815301076,1909f56bfc062723c751e8b465ee728b)  -> (artifact id: 'de8531e8d6ce02904a25ae9ccb7e050e') in 0.073259 seconds 
========================================================================
Received Import Request.
  Time since last request: 122.271349 seconds.
  path: Assets/Resources/MyAsset/Trees/Trees/Fir_tree.prefab
  artifactKey: Guid(68b4e384c32f10644910530db6fb0af8) Importer(815301076,1909f56bfc062723c751e8b465ee728b)
Start importing Assets/Resources/MyAsset/Trees/Trees/Fir_tree.prefab using Guid(68b4e384c32f10644910530db6fb0af8) Importer(815301076,1909f56bfc062723c751e8b465ee728b)  -> (artifact id: 'b33af344d5a162de87207659e826446f') in 0.012840 seconds 
========================================================================
Received Import Request.
  Time since last request: 0.000016 seconds.
  path: Assets/Resources/MyAsset/Trees/Trees/Poplar_tree.asset
  artifactKey: Guid(8f2b0998faf537d43ad7323f8c14517b) Importer(815301076,1909f56bfc062723c751e8b465ee728b)
Start importing Assets/Resources/MyAsset/Trees/Trees/Poplar_tree.asset using Guid(8f2b0998faf537d43ad7323f8c14517b) Importer(815301076,1909f56bfc062723c751e8b465ee728b)  -> (artifact id: '5f854e4ccd72da3d750d7f98fd3b5d38') in 0.003006 seconds 
========================================================================
Received Import Request.
  Time since last request: 0.000018 seconds.
  path: Assets/Resources/MyAsset/Trees/Trees/Poplar_tree.prefab
  artifactKey: Guid(4080de1a95b69ca45b30528cbcdc03cb) Importer(815301076,1909f56bfc062723c751e8b465ee728b)
Start importing Assets/Resources/MyAsset/Trees/Trees/Poplar_tree.prefab using Guid(4080de1a95b69ca45b30528cbcdc03cb) Importer(815301076,1909f56bfc062723c751e8b465ee728b)  -> (artifact id: '950263f25df8e636cdf10ccdd8c49e5a') in 0.013960 seconds 
========================================================================
Received Import Request.
  Time since last request: 0.000019 seconds.
  path: Assets/Resources/MyAsset/Trees/Trees/Tree.asset
  artifactKey: Guid(f8b543717186bb54d8a97472036bb04b) Importer(815301076,1909f56bfc062723c751e8b465ee728b)
Start importing Assets/Resources/MyAsset/Trees/Trees/Tree.asset using Guid(f8b543717186bb54d8a97472036bb04b) Importer(815301076,1909f56bfc062723c751e8b465ee728b)  -> (artifact id: '886e5af4ce62025b0bd1d1587a173e96') in 0.002435 seconds 
========================================================================
Received Import Request.
  Time since last request: 0.000017 seconds.
  path: Assets/Resources/MyAsset/Trees/Trees/Tree.prefab
  artifactKey: Guid(dc196cd7fa60cc049998157ccccfc969) Importer(815301076,1909f56bfc062723c751e8b465ee728b)
Start importing Assets/Resources/MyAsset/Trees/Trees/Tree.prefab using Guid(dc196cd7fa60cc049998157ccccfc969) Importer(815301076,1909f56bfc062723c751e8b465ee728b)  -> (artifact id: 'd326b17d663e37a7fdf052ada68e160b') in 0.008385 seconds 
========================================================================
Received Import Request.
  Time since last request: 21.240648 seconds.
  path: Assets/Resources/MyAsset/Prefabs/Poplar_tree.prefab
  artifactKey: Guid(790f97a7ddaf1b54a947dbe2b04c3c40) Importer(815301076,1909f56bfc062723c751e8b465ee728b)
Start importing Assets/Resources/MyAsset/Prefabs/Poplar_tree.prefab using Guid(790f97a7ddaf1b54a947dbe2b04c3c40) Importer(815301076,1909f56bfc062723c751e8b465ee728b)  -> (artifact id: 'a78f564d25d30b1432d6fc6b8106c331') in 0.007748 seconds 
========================================================================
Received Import Request.
  Time since last request: 11.223961 seconds.
  path: Assets/Prefab/Chunk.prefab
  artifactKey: Guid(2ed998492a5fc364881d2a427392156e) Importer(815301076,1909f56bfc062723c751e8b465ee728b)
Start importing Assets/Prefab/Chunk.prefab using Guid(2ed998492a5fc364881d2a427392156e) Importer(815301076,1909f56bfc062723c751e8b465ee728b)  -> (artifact id: '3c084b8773b824ab9a04cb6105337605') in 0.018150 seconds 
========================================================================
Received Prepare
Registering precompiled user dll's ...
Registered in 0.006421 seconds.
Begin MonoManager ReloadAssembly
Symbol file LoadedFromMemory doesn't match image C:\Users\vital\OneDrive\Рабочий стол\3D-Unity-Game\3D-Unity-Game\Library\PackageCache\com.unity.visualscripting@1.7.8\Editor\VisualScripting.Core\Dependencies\YamlDotNet\Unity.VisualScripting.YamlDotNet.dll
Symbol file LoadedFromMemory doesn't match image C:\Users\vital\OneDrive\Рабочий стол\3D-Unity-Game\3D-Unity-Game\Library\PackageCache\com.unity.visualscripting@1.7.8\Editor\VisualScripting.Core\Dependencies\DotNetZip\Unity.VisualScripting.IonicZip.dll
Native extension for WindowsStandalone target not found
Native extension for Android target not found
Refreshing native plugins compatible for Editor in 0.52 ms, found 3 plugins.
Preloading 0 native plugins for Editor in 0.00 ms.
Mono: successfully reloaded assembly
- Completed reload, in  0.690 seconds
Domain Reload Profiling:
	ReloadAssembly (691ms)
		BeginReloadAssembly (106ms)
			ExecutionOrderSort (0ms)
			DisableScriptedObjects (4ms)
			BackupInstance (0ms)
			ReleaseScriptingObjects (0ms)
			CreateAndSetChildDomain (33ms)
		EndReloadAssembly (516ms)
			LoadAssemblies (60ms)
			RebuildTransferFunctionScriptingTraits (0ms)
			SetupTypeCache (170ms)
			ReleaseScriptCaches (1ms)
			RebuildScriptCaches (31ms)
			SetupLoadedEditorAssemblies (225ms)
				LogAssemblyErrors (0ms)
				InitializePlatformSupportModulesInManaged (15ms)
				SetLoadedEditorAssemblies (0ms)
				RefreshPlugins (1ms)
				BeforeProcessingInitializeOnLoad (45ms)
				ProcessInitializeOnLoadAttributes (137ms)
				ProcessInitializeOnLoadMethodAttributes (20ms)
				AfterProcessingInitializeOnLoad (6ms)
				EditorAssembliesLoaded (0ms)
			ExecutionOrderSort2 (0ms)
			AwakeInstancesAfterBackupRestoration (5ms)
Platform modules already initialized, skipping
Refreshing native plugins compatible for Editor in 1.73 ms, found 3 plugins.
Preloading 0 native plugins for Editor in 0.00 ms.
Unloading 3412 Unused Serialized files (Serialized files now loaded: 0)
Unloading 18 unused Assets / (24.6 KB). Loaded Objects now: 3946.
Memory consumption went from 218.4 MB to 218.4 MB.
Total: 2.429700 ms (FindLiveObjects: 0.239800 ms CreateObjectMapping: 0.077500 ms MarkObjects: 2.091800 ms  DeleteObjects: 0.019700 ms)

AssetImportParameters requested are different than current active one (requested -> active):
  custom:video-decoder-ogg-theora: a1e56fd34408186e4bbccfd4996cb3dc -> 
  custom:container-muxer-webm: aa71ff27fc2769a1b78a27578f13a17b -> 
  custom:container-demuxer-webm: 4f35f7cbe854078d1ac9338744f61a02 -> 
  custom:video-encoder-webm-vp8: eb34c28f22e8b96e1ab97ce403110664 -> 
  custom:audio-encoder-webm-vorbis: bf7c407c2cedff20999df2af8eb42d56 -> 
  custom:framework-win-MediaFoundation: 216162199b28c13a410421893ffa2e32 -> 
  custom:container-demuxer-ogg: 62fdf1f143b41e24485cea50d1cbac27 -> 
  custom:video-decoder-webm-vp8: 9c59270c3fd7afecdb556c50c9e8de78 -> 
  custom:audio-decoder-ogg-vorbis: bf7c407c2cedff20999df2af8eb42d56 -> 
Editor requested this worker to shutdown with reason: Scaling down because of idle timeout
AssetImportWorker is now disconnected from the server
Process exiting
Exiting without the bug reporter. Application will terminate with return code 0