Using pre-set license
Built from '2021.3/staging' branch; Version is '2021.3.11f1 (0a5ca18544bf) revision 679073'; Using compiler version '192829333'; Build Type 'Release'
OS: 'Windows 11  (10.0.22000) 64bit Core' Language: 'ru' Physical Memory: 32714 MB
BatchMode: 1, IsHumanControllingUs: 0, StartBugReporterOnCrash: 0, Is64bit: 1, IsPro: 1

COMMAND LINE ARGUMENTS:
C:\Program Files\Unity\Hub\Editor\2021.3.11f1\Editor\Unity.exe
-adb2
-batchMode
-noUpm
-name
AssetImportWorker8
-projectPath
C:/Users/vital/OneDrive/Рабочий стол/3D-Unity-Game/3D-Unity-Game
-logFile
Logs/AssetImportWorker8.log
-srvPort
62474
Successfully changed project path to: C:/Users/vital/OneDrive/Рабочий стол/3D-Unity-Game/3D-Unity-Game
C:/Users/vital/OneDrive/Рабочий стол/3D-Unity-Game/3D-Unity-Game
[UnityMemory] Configuration Parameters - Can be set up in boot.config
    "memorysetup-bucket-allocator-granularity=16"
    "memorysetup-bucket-allocator-bucket-count=8"
    "memorysetup-bucket-allocator-block-size=33554432"
    "memorysetup-bucket-allocator-block-count=8"
    "memorysetup-main-allocator-block-size=16777216"
    "memorysetup-thread-allocator-block-size=16777216"
    "memorysetup-gfx-main-allocator-block-size=16777216"
    "memorysetup-gfx-thread-allocator-block-size=16777216"
    "memorysetup-cache-allocator-block-size=4194304"
    "memorysetup-typetree-allocator-block-size=2097152"
    "memorysetup-profiler-bucket-allocator-granularity=16"
    "memorysetup-profiler-bucket-allocator-bucket-count=8"
    "memorysetup-profiler-bucket-allocator-block-size=33554432"
    "memorysetup-profiler-bucket-allocator-block-count=8"
    "memorysetup-profiler-allocator-block-size=16777216"
    "memorysetup-profiler-editor-allocator-block-size=1048576"
    "memorysetup-temp-allocator-size-main=16777216"
    "memorysetup-job-temp-allocator-block-size=2097152"
    "memorysetup-job-temp-allocator-block-size-background=1048576"
    "memorysetup-job-temp-allocator-reduction-small-platforms=262144"
    "memorysetup-temp-allocator-size-background-worker=32768"
    "memorysetup-temp-allocator-size-job-worker=262144"
    "memorysetup-temp-allocator-size-preload-manager=33554432"
    "memorysetup-temp-allocator-size-nav-mesh-worker=65536"
    "memorysetup-temp-allocator-size-audio-worker=65536"
    "memorysetup-temp-allocator-size-cloud-worker=32768"
    "memorysetup-temp-allocator-size-gi-baking-worker=262144"
    "memorysetup-temp-allocator-size-gfx=262144"
Refreshing native plugins compatible for Editor in 65.76 ms, found 3 plugins.
Preloading 0 native plugins for Editor in 0.00 ms.
Initialize engine version: 2021.3.11f1 (0a5ca18544bf)
[Subsystems] Discovering subsystems at path C:/Program Files/Unity/Hub/Editor/2021.3.11f1/Editor/Data/Resources/UnitySubsystems
[Subsystems] Discovering subsystems at path C:/Users/vital/OneDrive/Рабочий стол/3D-Unity-Game/3D-Unity-Game/Assets
GfxDevice: creating device client; threaded=0; jobified=0
Direct3D:
    Version:  Direct3D 11.0 [level 11.1]
    Renderer: NVIDIA GeForce RTX 3060 (ID=0x2504)
    Vendor:   NVIDIA
    VRAM:     12143 MB
    Driver:   30.0.14.7288
Initialize mono
Mono path[0] = 'C:/Program Files/Unity/Hub/Editor/2021.3.11f1/Editor/Data/Managed'
Mono path[1] = 'C:/Program Files/Unity/Hub/Editor/2021.3.11f1/Editor/Data/MonoBleedingEdge/lib/mono/unityjit-win32'
Mono config path = 'C:/Program Files/Unity/Hub/Editor/2021.3.11f1/Editor/Data/MonoBleedingEdge/etc'
Using monoOptions --debugger-agent=transport=dt_socket,embedding=1,server=y,suspend=n,address=127.0.0.1:56808
Begin MonoManager ReloadAssembly
Registering precompiled unity dll's ...
Register platform support module: C:/Program Files/Unity/Hub/Editor/2021.3.11f1/Editor/Data/PlaybackEngines/AndroidPlayer/UnityEditor.Android.Extensions.dll
Register platform support module: C:/Program Files/Unity/Hub/Editor/2021.3.11f1/Editor/Data/PlaybackEngines/WindowsStandaloneSupport/UnityEditor.WindowsStandalone.Extensions.dll
Registered in 0.004333 seconds.
Native extension for WindowsStandalone target not found
Native extension for Android target not found
Refreshing native plugins compatible for Editor in 55.95 ms, found 3 plugins.
Preloading 0 native plugins for Editor in 0.00 ms.
Mono: successfully reloaded assembly
- Completed reload, in  0.438 seconds
Domain Reload Profiling:
	ReloadAssembly (438ms)
		BeginReloadAssembly (50ms)
			ExecutionOrderSort (0ms)
			DisableScriptedObjects (0ms)
			BackupInstance (0ms)
			ReleaseScriptingObjects (0ms)
			CreateAndSetChildDomain (1ms)
		EndReloadAssembly (314ms)
			LoadAssemblies (48ms)
			RebuildTransferFunctionScriptingTraits (0ms)
			SetupTypeCache (70ms)
			ReleaseScriptCaches (0ms)
			RebuildScriptCaches (18ms)
			SetupLoadedEditorAssemblies (191ms)
				LogAssemblyErrors (0ms)
				InitializePlatformSupportModulesInManaged (39ms)
				SetLoadedEditorAssemblies (0ms)
				RefreshPlugins (56ms)
				BeforeProcessingInitializeOnLoad (1ms)
				ProcessInitializeOnLoadAttributes (66ms)
				ProcessInitializeOnLoadMethodAttributes (30ms)
				AfterProcessingInitializeOnLoad (0ms)
				EditorAssembliesLoaded (0ms)
			ExecutionOrderSort2 (0ms)
			AwakeInstancesAfterBackupRestoration (0ms)
Platform modules already initialized, skipping
Registering precompiled user dll's ...
Registered in 0.004644 seconds.
Begin MonoManager ReloadAssembly
Symbol file LoadedFromMemory doesn't match image C:\Users\vital\OneDrive\Рабочий стол\3D-Unity-Game\3D-Unity-Game\Library\PackageCache\com.unity.visualscripting@1.7.8\Editor\VisualScripting.Core\Dependencies\YamlDotNet\Unity.VisualScripting.YamlDotNet.dll
Symbol file LoadedFromMemory doesn't match image C:\Users\vital\OneDrive\Рабочий стол\3D-Unity-Game\3D-Unity-Game\Library\PackageCache\com.unity.visualscripting@1.7.8\Editor\VisualScripting.Core\Dependencies\DotNetZip\Unity.VisualScripting.IonicZip.dll
Native extension for WindowsStandalone target not found
Native extension for Android target not found
Refreshing native plugins compatible for Editor in 0.49 ms, found 3 plugins.
Preloading 0 native plugins for Editor in 0.00 ms.
Mono: successfully reloaded assembly
- Completed reload, in  0.795 seconds
Domain Reload Profiling:
	ReloadAssembly (796ms)
		BeginReloadAssembly (184ms)
			ExecutionOrderSort (0ms)
			DisableScriptedObjects (4ms)
			BackupInstance (0ms)
			ReleaseScriptingObjects (0ms)
			CreateAndSetChildDomain (119ms)
		EndReloadAssembly (532ms)
			LoadAssemblies (63ms)
			RebuildTransferFunctionScriptingTraits (0ms)
			SetupTypeCache (167ms)
			ReleaseScriptCaches (1ms)
			RebuildScriptCaches (33ms)
			SetupLoadedEditorAssemblies (246ms)
				LogAssemblyErrors (0ms)
				InitializePlatformSupportModulesInManaged (10ms)
				SetLoadedEditorAssemblies (0ms)
				RefreshPlugins (1ms)
				BeforeProcessingInitializeOnLoad (57ms)
				ProcessInitializeOnLoadAttributes (154ms)
				ProcessInitializeOnLoadMethodAttributes (19ms)
				AfterProcessingInitializeOnLoad (5ms)
				EditorAssembliesLoaded (0ms)
			ExecutionOrderSort2 (0ms)
			AwakeInstancesAfterBackupRestoration (4ms)
Platform modules already initialized, skipping
========================================================================
Worker process is ready to serve import requests
Launched and connected shader compiler UnityShaderCompiler.exe after 0.03 seconds
Refreshing native plugins compatible for Editor in 0.63 ms, found 3 plugins.
Preloading 0 native plugins for Editor in 0.00 ms.
Unloading 3436 Unused Serialized files (Serialized files now loaded: 0)
Unloading 24 unused Assets / (30.2 KB). Loaded Objects now: 3930.
Memory consumption went from 215.8 MB to 215.8 MB.
Total: 2.471800 ms (FindLiveObjects: 0.238200 ms CreateObjectMapping: 0.139200 ms MarkObjects: 2.073600 ms  DeleteObjects: 0.020300 ms)

AssetImportParameters requested are different than current active one (requested -> active):
  custom:video-decoder-ogg-theora: a1e56fd34408186e4bbccfd4996cb3dc -> 
  custom:container-muxer-webm: aa71ff27fc2769a1b78a27578f13a17b -> 
  custom:container-demuxer-webm: 4f35f7cbe854078d1ac9338744f61a02 -> 
  custom:video-encoder-webm-vp8: eb34c28f22e8b96e1ab97ce403110664 -> 
  custom:audio-encoder-webm-vorbis: bf7c407c2cedff20999df2af8eb42d56 -> 
  custom:framework-win-MediaFoundation: 216162199b28c13a410421893ffa2e32 -> 
  custom:container-demuxer-ogg: 62fdf1f143b41e24485cea50d1cbac27 -> 
  custom:video-decoder-webm-vp8: 9c59270c3fd7afecdb556c50c9e8de78 -> 
  custom:audio-decoder-ogg-vorbis: bf7c407c2cedff20999df2af8eb42d56 -> 
========================================================================
Received Import Request.
  Time since last request: 39911.243487 seconds.
  path: Assets/Free Low Poly Desert Pack/FBX Files/Mixed Colors/Mixed_Cactus_01.fbx
  artifactKey: Guid(5886bf9675a27c2488f5e7defe740628) Importer(815301076,1909f56bfc062723c751e8b465ee728b)
Start importing Assets/Free Low Poly Desert Pack/FBX Files/Mixed Colors/Mixed_Cactus_01.fbx using Guid(5886bf9675a27c2488f5e7defe740628) Importer(815301076,1909f56bfc062723c751e8b465ee728b)  -> (artifact id: 'df0b826717dea4eb867b09a5b63063b6') in 0.179532 seconds 
========================================================================
Received Import Request.
  Time since last request: 17.673473 seconds.
  path: Assets/_TerrainAutoUpgrade/layer_Ground2cc0f254a2c535401.terrainlayer
  artifactKey: Guid(05271a9812cd75848b268ad5e758a38b) Importer(815301076,1909f56bfc062723c751e8b465ee728b)
Start importing Assets/_TerrainAutoUpgrade/layer_Ground2cc0f254a2c535401.terrainlayer using Guid(05271a9812cd75848b268ad5e758a38b) Importer(815301076,1909f56bfc062723c751e8b465ee728b)  -> (artifact id: '101d6096196c1b46332429a8977e731e') in 0.014513 seconds 
========================================================================
Received Import Request.
  Time since last request: 13.805834 seconds.
  path: Assets/Runemark Studio/Freebies/PolyDesert Mobile/Prefabs/cactus01_m.prefab
  artifactKey: Guid(5da07da6c25a65249aa4f03d5ed92684) Importer(815301076,1909f56bfc062723c751e8b465ee728b)
Start importing Assets/Runemark Studio/Freebies/PolyDesert Mobile/Prefabs/cactus01_m.prefab using Guid(5da07da6c25a65249aa4f03d5ed92684) Importer(815301076,1909f56bfc062723c751e8b465ee728b)  -> (artifact id: '614657991cab1fe6a0d8e9fea076d69b') in 0.021708 seconds 
========================================================================
Received Import Request.
  Time since last request: 0.000016 seconds.
  path: Assets/Runemark Studio/Freebies/PolyDesert Mobile/Prefabs/rock03_m.prefab
  artifactKey: Guid(a1f403feb3451c14c8d72d495a993cb1) Importer(815301076,1909f56bfc062723c751e8b465ee728b)
Start importing Assets/Runemark Studio/Freebies/PolyDesert Mobile/Prefabs/rock03_m.prefab using Guid(a1f403feb3451c14c8d72d495a993cb1) Importer(815301076,1909f56bfc062723c751e8b465ee728b)  -> (artifact id: '171bd5d86bfb89cc5c5ed25fc5fb4f14') in 0.038122 seconds 
========================================================================
Received Import Request.
  Time since last request: 0.000029 seconds.
  path: Assets/Runemark Studio/Freebies/PolyDesert Mobile/Prefabs/rock02_m.prefab
  artifactKey: Guid(8f281d16e094c6a4896e37696e49dea9) Importer(815301076,1909f56bfc062723c751e8b465ee728b)
Start importing Assets/Runemark Studio/Freebies/PolyDesert Mobile/Prefabs/rock02_m.prefab using Guid(8f281d16e094c6a4896e37696e49dea9) Importer(815301076,1909f56bfc062723c751e8b465ee728b)  -> (artifact id: '0f5ea8fe30f8e279f89fe2707cf0c432') in 0.057170 seconds 
========================================================================
Received Import Request.
  Time since last request: 24.363257 seconds.
  path: Assets/Resources/MyAsset/Objects/Stone_2.asset
  artifactKey: Guid(c5ca2de5a68d0f64b8efa7c641ad0ab3) Importer(815301076,1909f56bfc062723c751e8b465ee728b)
Start importing Assets/Resources/MyAsset/Objects/Stone_2.asset using Guid(c5ca2de5a68d0f64b8efa7c641ad0ab3) Importer(815301076,1909f56bfc062723c751e8b465ee728b)  -> (artifact id: '3af8565a563083fbfeaff7918c9ca914') in 0.003784 seconds 
========================================================================
Received Import Request.
  Time since last request: 14.362774 seconds.
  path: Assets/Runemark Studio/Freebies/Polygon Desert Pack/Meshes/aloe.fbx
  artifactKey: Guid(e44f8bbf9778c484ca4d63d534614d67) Importer(815301076,1909f56bfc062723c751e8b465ee728b)
Start importing Assets/Runemark Studio/Freebies/Polygon Desert Pack/Meshes/aloe.fbx using Guid(e44f8bbf9778c484ca4d63d534614d67) Importer(815301076,1909f56bfc062723c751e8b465ee728b)  -> (artifact id: '6819c2bb1fe00e3be5ede9a238811c13') in 0.082749 seconds 
========================================================================
Received Import Request.
  Time since last request: 0.000016 seconds.
  path: Assets/Runemark Studio/Freebies/PolyDesert Mobile/Meshes/cactus03.obj
  artifactKey: Guid(e8da7eae19d4c5f40bea080ef8974ee0) Importer(815301076,1909f56bfc062723c751e8b465ee728b)
Start importing Assets/Runemark Studio/Freebies/PolyDesert Mobile/Meshes/cactus03.obj using Guid(e8da7eae19d4c5f40bea080ef8974ee0) Importer(815301076,1909f56bfc062723c751e8b465ee728b)  -> (artifact id: '49a08532f3e27997352fcd808efbe917') in 0.158026 seconds 
========================================================================
Received Import Request.
  Time since last request: 33.052392 seconds.
  path: Assets/Runemark Studio/Freebies/PolyDesert Mobile/Meshes/rock02.obj
  artifactKey: Guid(6c262484852eac84785d71207b841d95) Importer(815301076,1909f56bfc062723c751e8b465ee728b)
Start importing Assets/Runemark Studio/Freebies/PolyDesert Mobile/Meshes/rock02.obj using Guid(6c262484852eac84785d71207b841d95) Importer(815301076,1909f56bfc062723c751e8b465ee728b)  -> (artifact id: '602b546a2b938369c8d4f0bac9ff5206') in 0.033321 seconds 
========================================================================
Received Import Request.
  Time since last request: 0.000016 seconds.
  path: Assets/Runemark Studio/Freebies/PolyDesert Mobile/Meshes/rock08.obj
  artifactKey: Guid(6f5ce57e18087864486ff13a7184c134) Importer(815301076,1909f56bfc062723c751e8b465ee728b)
Start importing Assets/Runemark Studio/Freebies/PolyDesert Mobile/Meshes/rock08.obj using Guid(6f5ce57e18087864486ff13a7184c134) Importer(815301076,1909f56bfc062723c751e8b465ee728b)  -> (artifact id: '32b8ffcb1466ff972e2fd61a150f3be6') in 0.065170 seconds 
========================================================================
Received Prepare
Registering precompiled user dll's ...
Registered in 0.005359 seconds.
Begin MonoManager ReloadAssembly
Symbol file LoadedFromMemory doesn't match image C:\Users\vital\OneDrive\Рабочий стол\3D-Unity-Game\3D-Unity-Game\Library\PackageCache\com.unity.visualscripting@1.7.8\Editor\VisualScripting.Core\Dependencies\YamlDotNet\Unity.VisualScripting.YamlDotNet.dll
Symbol file LoadedFromMemory doesn't match image C:\Users\vital\OneDrive\Рабочий стол\3D-Unity-Game\3D-Unity-Game\Library\PackageCache\com.unity.visualscripting@1.7.8\Editor\VisualScripting.Core\Dependencies\DotNetZip\Unity.VisualScripting.IonicZip.dll
Native extension for WindowsStandalone target not found
Native extension for Android target not found
Refreshing native plugins compatible for Editor in 0.51 ms, found 3 plugins.
Preloading 0 native plugins for Editor in 0.00 ms.
Mono: successfully reloaded assembly
- Completed reload, in  0.711 seconds
Domain Reload Profiling:
	ReloadAssembly (712ms)
		BeginReloadAssembly (120ms)
			ExecutionOrderSort (0ms)
			DisableScriptedObjects (3ms)
			BackupInstance (0ms)
			ReleaseScriptingObjects (0ms)
			CreateAndSetChildDomain (43ms)
		EndReloadAssembly (523ms)
			LoadAssemblies (62ms)
			RebuildTransferFunctionScriptingTraits (0ms)
			SetupTypeCache (180ms)
			ReleaseScriptCaches (1ms)
			RebuildScriptCaches (28ms)
			SetupLoadedEditorAssemblies (226ms)
				LogAssemblyErrors (0ms)
				InitializePlatformSupportModulesInManaged (15ms)
				SetLoadedEditorAssemblies (0ms)
				RefreshPlugins (1ms)
				BeforeProcessingInitializeOnLoad (45ms)
				ProcessInitializeOnLoadAttributes (138ms)
				ProcessInitializeOnLoadMethodAttributes (21ms)
				AfterProcessingInitializeOnLoad (6ms)
				EditorAssembliesLoaded (0ms)
			ExecutionOrderSort2 (0ms)
			AwakeInstancesAfterBackupRestoration (4ms)
Platform modules already initialized, skipping
Refreshing native plugins compatible for Editor in 1.75 ms, found 3 plugins.
Preloading 0 native plugins for Editor in 0.00 ms.
Unloading 3412 Unused Serialized files (Serialized files now loaded: 0)
Unloading 18 unused Assets / (24.7 KB). Loaded Objects now: 3948.
Memory consumption went from 218.6 MB to 218.6 MB.
Total: 2.632700 ms (FindLiveObjects: 0.245200 ms CreateObjectMapping: 0.145800 ms MarkObjects: 2.219800 ms  DeleteObjects: 0.021000 ms)

AssetImportParameters requested are different than current active one (requested -> active):
  custom:video-decoder-ogg-theora: a1e56fd34408186e4bbccfd4996cb3dc -> 
  custom:container-muxer-webm: aa71ff27fc2769a1b78a27578f13a17b -> 
  custom:container-demuxer-webm: 4f35f7cbe854078d1ac9338744f61a02 -> 
  custom:video-encoder-webm-vp8: eb34c28f22e8b96e1ab97ce403110664 -> 
  custom:audio-encoder-webm-vorbis: bf7c407c2cedff20999df2af8eb42d56 -> 
  custom:framework-win-MediaFoundation: 216162199b28c13a410421893ffa2e32 -> 
  custom:container-demuxer-ogg: 62fdf1f143b41e24485cea50d1cbac27 -> 
  custom:video-decoder-webm-vp8: 9c59270c3fd7afecdb556c50c9e8de78 -> 
  custom:audio-decoder-ogg-vorbis: bf7c407c2cedff20999df2af8eb42d56 -> 
========================================================================
Received Import Request.
  Time since last request: 16.199924 seconds.
  path: Assets/Resources/MyAsset/Bioms/Plane.asset
  artifactKey: Guid(03b7dbf7db385ce4b9f17f9f05b42e15) Importer(815301076,1909f56bfc062723c751e8b465ee728b)
Start importing Assets/Resources/MyAsset/Bioms/Plane.asset using Guid(03b7dbf7db385ce4b9f17f9f05b42e15) Importer(815301076,1909f56bfc062723c751e8b465ee728b)  -> (artifact id: '01dd945441563e343ee0b77dfc6280a1') in 0.018180 seconds 
========================================================================
Received Prepare
Registering precompiled user dll's ...
Registered in 0.005262 seconds.
Begin MonoManager ReloadAssembly
Symbol file LoadedFromMemory doesn't match image C:\Users\vital\OneDrive\Рабочий стол\3D-Unity-Game\3D-Unity-Game\Library\PackageCache\com.unity.visualscripting@1.7.8\Editor\VisualScripting.Core\Dependencies\YamlDotNet\Unity.VisualScripting.YamlDotNet.dll
Symbol file LoadedFromMemory doesn't match image C:\Users\vital\OneDrive\Рабочий стол\3D-Unity-Game\3D-Unity-Game\Library\PackageCache\com.unity.visualscripting@1.7.8\Editor\VisualScripting.Core\Dependencies\DotNetZip\Unity.VisualScripting.IonicZip.dll
Native extension for WindowsStandalone target not found
Native extension for Android target not found
Refreshing native plugins compatible for Editor in 0.56 ms, found 3 plugins.
Preloading 0 native plugins for Editor in 0.00 ms.
Mono: successfully reloaded assembly
- Completed reload, in  0.707 seconds
Domain Reload Profiling:
	ReloadAssembly (707ms)
		BeginReloadAssembly (112ms)
			ExecutionOrderSort (0ms)
			DisableScriptedObjects (4ms)
			BackupInstance (0ms)
			ReleaseScriptingObjects (0ms)
			CreateAndSetChildDomain (36ms)
		EndReloadAssembly (525ms)
			LoadAssemblies (68ms)
			RebuildTransferFunctionScriptingTraits (0ms)
			SetupTypeCache (178ms)
			ReleaseScriptCaches (2ms)
			RebuildScriptCaches (29ms)
			SetupLoadedEditorAssemblies (222ms)
				LogAssemblyErrors (0ms)
				InitializePlatformSupportModulesInManaged (16ms)
				SetLoadedEditorAssemblies (0ms)
				RefreshPlugins (1ms)
				BeforeProcessingInitializeOnLoad (44ms)
				ProcessInitializeOnLoadAttributes (136ms)
				ProcessInitializeOnLoadMethodAttributes (19ms)
				AfterProcessingInitializeOnLoad (5ms)
				EditorAssembliesLoaded (0ms)
			ExecutionOrderSort2 (0ms)
			AwakeInstancesAfterBackupRestoration (4ms)
Platform modules already initialized, skipping
Refreshing native plugins compatible for Editor in 1.78 ms, found 3 plugins.
Preloading 0 native plugins for Editor in 0.00 ms.
Unloading 3412 Unused Serialized files (Serialized files now loaded: 0)
Unloading 18 unused Assets / (24.5 KB). Loaded Objects now: 3951.
Memory consumption went from 218.6 MB to 218.6 MB.
Total: 2.995700 ms (FindLiveObjects: 0.239800 ms CreateObjectMapping: 0.073900 ms MarkObjects: 2.664200 ms  DeleteObjects: 0.017000 ms)

AssetImportParameters requested are different than current active one (requested -> active):
  custom:video-decoder-ogg-theora: a1e56fd34408186e4bbccfd4996cb3dc -> 
  custom:container-muxer-webm: aa71ff27fc2769a1b78a27578f13a17b -> 
  custom:container-demuxer-webm: 4f35f7cbe854078d1ac9338744f61a02 -> 
  custom:video-encoder-webm-vp8: eb34c28f22e8b96e1ab97ce403110664 -> 
  custom:audio-encoder-webm-vorbis: bf7c407c2cedff20999df2af8eb42d56 -> 
  custom:framework-win-MediaFoundation: 216162199b28c13a410421893ffa2e32 -> 
  custom:container-demuxer-ogg: 62fdf1f143b41e24485cea50d1cbac27 -> 
  custom:video-decoder-webm-vp8: 9c59270c3fd7afecdb556c50c9e8de78 -> 
  custom:audio-decoder-ogg-vorbis: bf7c407c2cedff20999df2af8eb42d56 -> 
========================================================================
Received Import Request.
  Time since last request: 49.977086 seconds.
  path: Assets/Runemark Studio/Freebies/Polygon Desert Pack/Prefabs
  artifactKey: Guid(f26000e2a9284924e970e4237571ff26) Importer(815301076,1909f56bfc062723c751e8b465ee728b)
Start importing Assets/Runemark Studio/Freebies/Polygon Desert Pack/Prefabs using Guid(f26000e2a9284924e970e4237571ff26) Importer(815301076,1909f56bfc062723c751e8b465ee728b)  -> (artifact id: '0af35f03c21b155df7350cd7788e86b7') in 0.008175 seconds 
========================================================================
Received Import Request.
  Time since last request: 0.051927 seconds.
  path: Assets/Runemark Studio/Freebies/Polygon Desert Pack/Prefabs/rock01.prefab
  artifactKey: Guid(3e63f970932e56649b966445efd75396) Importer(815301076,1909f56bfc062723c751e8b465ee728b)
Start importing Assets/Runemark Studio/Freebies/Polygon Desert Pack/Prefabs/rock01.prefab using Guid(3e63f970932e56649b966445efd75396) Importer(815301076,1909f56bfc062723c751e8b465ee728b)  -> (artifact id: '1781d9a3c123654386d6992917c50e3c') in 0.090649 seconds 
========================================================================
Received Import Request.
  Time since last request: 0.000020 seconds.
  path: Assets/Runemark Studio/Freebies/Polygon Desert Pack/Prefabs/rock08.prefab
  artifactKey: Guid(a45f923de9555884cbe160883ce87a74) Importer(815301076,1909f56bfc062723c751e8b465ee728b)
Start importing Assets/Runemark Studio/Freebies/Polygon Desert Pack/Prefabs/rock08.prefab using Guid(a45f923de9555884cbe160883ce87a74) Importer(815301076,1909f56bfc062723c751e8b465ee728b)  -> (artifact id: '1d91a717498b7d5927153301a8121888') in 0.056511 seconds 
========================================================================
Received Import Request.
  Time since last request: 0.000031 seconds.
  path: Assets/Runemark Studio/Freebies/Polygon Desert Pack/Prefabs/rock06.prefab
  artifactKey: Guid(b7bdd751d1270e14291b000d68d117c1) Importer(815301076,1909f56bfc062723c751e8b465ee728b)
Start importing Assets/Runemark Studio/Freebies/Polygon Desert Pack/Prefabs/rock06.prefab using Guid(b7bdd751d1270e14291b000d68d117c1) Importer(815301076,1909f56bfc062723c751e8b465ee728b)  -> (artifact id: '7f8e7f888b1f5f353e9e3b13db9444a4') in 0.019325 seconds 
========================================================================
Received Import Request.
  Time since last request: 4.387233 seconds.
  path: Assets/Runemark Studio/Freebies/Polygon Desert Pack/Prefabs/Cactus2.prefab
  artifactKey: Guid(65da5bb2d6e288b41baa018d8fec58f3) Importer(815301076,1909f56bfc062723c751e8b465ee728b)
Start importing Assets/Runemark Studio/Freebies/Polygon Desert Pack/Prefabs/Cactus2.prefab using Guid(65da5bb2d6e288b41baa018d8fec58f3) Importer(815301076,1909f56bfc062723c751e8b465ee728b)  -> (artifact id: '3b09a2dc6bd277dfb347afc6cce7a9c4') in 0.023927 seconds 
========================================================================
Received Import Request.
  Time since last request: 0.569809 seconds.
  path: Assets/Runemark Studio/Freebies/Polygon Desert Pack/Prefabs/Cactus2.prefab
  artifactKey: Guid(65da5bb2d6e288b41baa018d8fec58f3) Importer(815301076,1909f56bfc062723c751e8b465ee728b)
Start importing Assets/Runemark Studio/Freebies/Polygon Desert Pack/Prefabs/Cactus2.prefab using Guid(65da5bb2d6e288b41baa018d8fec58f3) Importer(815301076,1909f56bfc062723c751e8b465ee728b)  -> (artifact id: '1eaadb041c944164ce562c5378e4aa60') in 0.007045 seconds 
========================================================================
Received Import Request.
  Time since last request: 1.805756 seconds.
  path: Assets/Runemark Studio/Freebies/Polygon Desert Pack/Prefabs/Cactus2.prefab
  artifactKey: Guid(65da5bb2d6e288b41baa018d8fec58f3) Importer(815301076,1909f56bfc062723c751e8b465ee728b)
Start importing Assets/Runemark Studio/Freebies/Polygon Desert Pack/Prefabs/Cactus2.prefab using Guid(65da5bb2d6e288b41baa018d8fec58f3) Importer(815301076,1909f56bfc062723c751e8b465ee728b)  -> (artifact id: '421e3c365783f75130731c3350710816') in 0.011372 seconds 
========================================================================
Received Import Request.
  Time since last request: 0.789430 seconds.
  path: Assets/Runemark Studio/Freebies/Polygon Desert Pack/Prefabs/Cactus2.prefab
  artifactKey: Guid(65da5bb2d6e288b41baa018d8fec58f3) Importer(815301076,1909f56bfc062723c751e8b465ee728b)
Start importing Assets/Runemark Studio/Freebies/Polygon Desert Pack/Prefabs/Cactus2.prefab using Guid(65da5bb2d6e288b41baa018d8fec58f3) Importer(815301076,1909f56bfc062723c751e8b465ee728b)  -> (artifact id: '78eaa2322010f683649bc8db92c7f20f') in 0.009856 seconds 
========================================================================
Received Import Request.
  Time since last request: 0.392614 seconds.
  path: Assets/Runemark Studio/Freebies/Polygon Desert Pack/Prefabs/Cactus2.prefab
  artifactKey: Guid(65da5bb2d6e288b41baa018d8fec58f3) Importer(815301076,1909f56bfc062723c751e8b465ee728b)
Start importing Assets/Runemark Studio/Freebies/Polygon Desert Pack/Prefabs/Cactus2.prefab using Guid(65da5bb2d6e288b41baa018d8fec58f3) Importer(815301076,1909f56bfc062723c751e8b465ee728b)  -> (artifact id: '899fee97f5e84f5e17f860466c1f9043') in 0.015523 seconds 
========================================================================
Received Import Request.
  Time since last request: 2.702846 seconds.
  path: Assets/Runemark Studio/Freebies/Polygon Desert Pack/Prefabs/Aloe.prefab
  artifactKey: Guid(8a13b3dbbf597744192ac4a84ebb93c6) Importer(815301076,1909f56bfc062723c751e8b465ee728b)
Start importing Assets/Runemark Studio/Freebies/Polygon Desert Pack/Prefabs/Aloe.prefab using Guid(8a13b3dbbf597744192ac4a84ebb93c6) Importer(815301076,1909f56bfc062723c751e8b465ee728b)  -> (artifact id: '2b5680535584b96e8927b2230133b0b7') in 0.022711 seconds 
========================================================================
Received Import Request.
  Time since last request: 0.375557 seconds.
  path: Assets/Runemark Studio/Freebies/Polygon Desert Pack/Prefabs/Aloe.prefab
  artifactKey: Guid(8a13b3dbbf597744192ac4a84ebb93c6) Importer(815301076,1909f56bfc062723c751e8b465ee728b)
Start importing Assets/Runemark Studio/Freebies/Polygon Desert Pack/Prefabs/Aloe.prefab using Guid(8a13b3dbbf597744192ac4a84ebb93c6) Importer(815301076,1909f56bfc062723c751e8b465ee728b)  -> (artifact id: 'f80554b6e193a280808383d1fa3d397b') in 0.009316 seconds 
========================================================================
Received Import Request.
  Time since last request: 0.391091 seconds.
  path: Assets/Runemark Studio/Freebies/Polygon Desert Pack/Prefabs/Aloe.prefab
  artifactKey: Guid(8a13b3dbbf597744192ac4a84ebb93c6) Importer(815301076,1909f56bfc062723c751e8b465ee728b)
Start importing Assets/Runemark Studio/Freebies/Polygon Desert Pack/Prefabs/Aloe.prefab using Guid(8a13b3dbbf597744192ac4a84ebb93c6) Importer(815301076,1909f56bfc062723c751e8b465ee728b)  -> (artifact id: '02bc735cccc8e8b3b0ff32d10e22bacc') in 0.006385 seconds 
========================================================================
Received Import Request.
  Time since last request: 0.799486 seconds.
  path: Assets/Runemark Studio/Freebies/Polygon Desert Pack/Prefabs/Aloe.prefab
  artifactKey: Guid(8a13b3dbbf597744192ac4a84ebb93c6) Importer(815301076,1909f56bfc062723c751e8b465ee728b)
Start importing Assets/Runemark Studio/Freebies/Polygon Desert Pack/Prefabs/Aloe.prefab using Guid(8a13b3dbbf597744192ac4a84ebb93c6) Importer(815301076,1909f56bfc062723c751e8b465ee728b)  -> (artifact id: 'a2ef4b4c5ee1b11e25b51f1517b6edcb') in 0.006709 seconds 
========================================================================
Received Prepare
Registering precompiled user dll's ...
Registered in 0.006582 seconds.
Begin MonoManager ReloadAssembly
Symbol file LoadedFromMemory doesn't match image C:\Users\vital\OneDrive\Рабочий стол\3D-Unity-Game\3D-Unity-Game\Library\PackageCache\com.unity.visualscripting@1.7.8\Editor\VisualScripting.Core\Dependencies\YamlDotNet\Unity.VisualScripting.YamlDotNet.dll
Symbol file LoadedFromMemory doesn't match image C:\Users\vital\OneDrive\Рабочий стол\3D-Unity-Game\3D-Unity-Game\Library\PackageCache\com.unity.visualscripting@1.7.8\Editor\VisualScripting.Core\Dependencies\DotNetZip\Unity.VisualScripting.IonicZip.dll
Native extension for WindowsStandalone target not found
Native extension for Android target not found
Refreshing native plugins compatible for Editor in 0.55 ms, found 3 plugins.
Preloading 0 native plugins for Editor in 0.00 ms.
Mono: successfully reloaded assembly
- Completed reload, in  0.718 seconds
Domain Reload Profiling:
	ReloadAssembly (719ms)
		BeginReloadAssembly (113ms)
			ExecutionOrderSort (0ms)
			DisableScriptedObjects (3ms)
			BackupInstance (0ms)
			ReleaseScriptingObjects (0ms)
			CreateAndSetChildDomain (38ms)
		EndReloadAssembly (535ms)
			LoadAssemblies (66ms)
			RebuildTransferFunctionScriptingTraits (0ms)
			SetupTypeCache (177ms)
			ReleaseScriptCaches (1ms)
			RebuildScriptCaches (29ms)
			SetupLoadedEditorAssemblies (230ms)
				LogAssemblyErrors (0ms)
				InitializePlatformSupportModulesInManaged (22ms)
				SetLoadedEditorAssemblies (0ms)
				RefreshPlugins (1ms)
				BeforeProcessingInitializeOnLoad (44ms)
				ProcessInitializeOnLoadAttributes (136ms)
				ProcessInitializeOnLoadMethodAttributes (20ms)
				AfterProcessingInitializeOnLoad (6ms)
				EditorAssembliesLoaded (0ms)
			ExecutionOrderSort2 (0ms)
			AwakeInstancesAfterBackupRestoration (4ms)
Platform modules already initialized, skipping
Refreshing native plugins compatible for Editor in 1.74 ms, found 3 plugins.
Preloading 0 native plugins for Editor in 0.00 ms.
Unloading 3412 Unused Serialized files (Serialized files now loaded: 0)
Unloading 18 unused Assets / (24.7 KB). Loaded Objects now: 3954.
Memory consumption went from 218.6 MB to 218.5 MB.
Total: 2.344600 ms (FindLiveObjects: 0.223500 ms CreateObjectMapping: 0.081500 ms MarkObjects: 2.025600 ms  DeleteObjects: 0.013500 ms)

AssetImportParameters requested are different than current active one (requested -> active):
  custom:video-decoder-ogg-theora: a1e56fd34408186e4bbccfd4996cb3dc -> 
  custom:container-muxer-webm: aa71ff27fc2769a1b78a27578f13a17b -> 
  custom:container-demuxer-webm: 4f35f7cbe854078d1ac9338744f61a02 -> 
  custom:video-encoder-webm-vp8: eb34c28f22e8b96e1ab97ce403110664 -> 
  custom:audio-encoder-webm-vorbis: bf7c407c2cedff20999df2af8eb42d56 -> 
  custom:framework-win-MediaFoundation: 216162199b28c13a410421893ffa2e32 -> 
  custom:container-demuxer-ogg: 62fdf1f143b41e24485cea50d1cbac27 -> 
  custom:video-decoder-webm-vp8: 9c59270c3fd7afecdb556c50c9e8de78 -> 
  custom:audio-decoder-ogg-vorbis: bf7c407c2cedff20999df2af8eb42d56 -> 
========================================================================
Received Import Request.
  Time since last request: 8.106671 seconds.
  path: Assets/Runemark Studio/Freebies/Polygon Desert Pack/Prefabs/Aloe.prefab
  artifactKey: Guid(8a13b3dbbf597744192ac4a84ebb93c6) Importer(815301076,1909f56bfc062723c751e8b465ee728b)
Start importing Assets/Runemark Studio/Freebies/Polygon Desert Pack/Prefabs/Aloe.prefab using Guid(8a13b3dbbf597744192ac4a84ebb93c6) Importer(815301076,1909f56bfc062723c751e8b465ee728b)  -> (artifact id: '8724d79368f510c5bffabb49c2b19055') in 0.054274 seconds 
========================================================================
Received Prepare
Registering precompiled user dll's ...
Registered in 0.004472 seconds.
Begin MonoManager ReloadAssembly
Symbol file LoadedFromMemory doesn't match image C:\Users\vital\OneDrive\Рабочий стол\3D-Unity-Game\3D-Unity-Game\Library\PackageCache\com.unity.visualscripting@1.7.8\Editor\VisualScripting.Core\Dependencies\YamlDotNet\Unity.VisualScripting.YamlDotNet.dll
Symbol file LoadedFromMemory doesn't match image C:\Users\vital\OneDrive\Рабочий стол\3D-Unity-Game\3D-Unity-Game\Library\PackageCache\com.unity.visualscripting@1.7.8\Editor\VisualScripting.Core\Dependencies\DotNetZip\Unity.VisualScripting.IonicZip.dll
Native extension for WindowsStandalone target not found
Native extension for Android target not found
Refreshing native plugins compatible for Editor in 0.56 ms, found 3 plugins.
Preloading 0 native plugins for Editor in 0.00 ms.
Mono: successfully reloaded assembly
- Completed reload, in  0.701 seconds
Domain Reload Profiling:
	ReloadAssembly (702ms)
		BeginReloadAssembly (111ms)
			ExecutionOrderSort (0ms)
			DisableScriptedObjects (3ms)
			BackupInstance (0ms)
			ReleaseScriptingObjects (0ms)
			CreateAndSetChildDomain (36ms)
		EndReloadAssembly (520ms)
			LoadAssemblies (63ms)
			RebuildTransferFunctionScriptingTraits (0ms)
			SetupTypeCache (175ms)
			ReleaseScriptCaches (1ms)
			RebuildScriptCaches (28ms)
			SetupLoadedEditorAssemblies (226ms)
				LogAssemblyErrors (0ms)
				InitializePlatformSupportModulesInManaged (15ms)
				SetLoadedEditorAssemblies (0ms)
				RefreshPlugins (1ms)
				BeforeProcessingInitializeOnLoad (45ms)
				ProcessInitializeOnLoadAttributes (137ms)
				ProcessInitializeOnLoadMethodAttributes (21ms)
				AfterProcessingInitializeOnLoad (6ms)
				EditorAssembliesLoaded (0ms)
			ExecutionOrderSort2 (0ms)
			AwakeInstancesAfterBackupRestoration (4ms)
Platform modules already initialized, skipping
Refreshing native plugins compatible for Editor in 1.72 ms, found 3 plugins.
Preloading 0 native plugins for Editor in 0.00 ms.
Unloading 3412 Unused Serialized files (Serialized files now loaded: 0)
Unloading 18 unused Assets / (24.8 KB). Loaded Objects now: 3957.
Memory consumption went from 218.7 MB to 218.7 MB.
Total: 2.473300 ms (FindLiveObjects: 0.226300 ms CreateObjectMapping: 0.136900 ms MarkObjects: 2.091700 ms  DeleteObjects: 0.017600 ms)

AssetImportParameters requested are different than current active one (requested -> active):
  custom:video-decoder-ogg-theora: a1e56fd34408186e4bbccfd4996cb3dc -> 
  custom:container-muxer-webm: aa71ff27fc2769a1b78a27578f13a17b -> 
  custom:container-demuxer-webm: 4f35f7cbe854078d1ac9338744f61a02 -> 
  custom:video-encoder-webm-vp8: eb34c28f22e8b96e1ab97ce403110664 -> 
  custom:audio-encoder-webm-vorbis: bf7c407c2cedff20999df2af8eb42d56 -> 
  custom:framework-win-MediaFoundation: 216162199b28c13a410421893ffa2e32 -> 
  custom:container-demuxer-ogg: 62fdf1f143b41e24485cea50d1cbac27 -> 
  custom:video-decoder-webm-vp8: 9c59270c3fd7afecdb556c50c9e8de78 -> 
  custom:audio-decoder-ogg-vorbis: bf7c407c2cedff20999df2af8eb42d56 -> 
========================================================================
Received Prepare
Registering precompiled user dll's ...
Registered in 0.005050 seconds.
Begin MonoManager ReloadAssembly
Symbol file LoadedFromMemory doesn't match image C:\Users\vital\OneDrive\Рабочий стол\3D-Unity-Game\3D-Unity-Game\Library\PackageCache\com.unity.visualscripting@1.7.8\Editor\VisualScripting.Core\Dependencies\YamlDotNet\Unity.VisualScripting.YamlDotNet.dll
Symbol file LoadedFromMemory doesn't match image C:\Users\vital\OneDrive\Рабочий стол\3D-Unity-Game\3D-Unity-Game\Library\PackageCache\com.unity.visualscripting@1.7.8\Editor\VisualScripting.Core\Dependencies\DotNetZip\Unity.VisualScripting.IonicZip.dll
Native extension for WindowsStandalone target not found
Native extension for Android target not found
Refreshing native plugins compatible for Editor in 0.68 ms, found 3 plugins.
Preloading 0 native plugins for Editor in 0.00 ms.
Mono: successfully reloaded assembly
- Completed reload, in  0.707 seconds
Domain Reload Profiling:
	ReloadAssembly (708ms)
		BeginReloadAssembly (107ms)
			ExecutionOrderSort (0ms)
			DisableScriptedObjects (4ms)
			BackupInstance (0ms)
			ReleaseScriptingObjects (0ms)
			CreateAndSetChildDomain (35ms)
		EndReloadAssembly (529ms)
			LoadAssemblies (60ms)
			RebuildTransferFunctionScriptingTraits (0ms)
			SetupTypeCache (177ms)
			ReleaseScriptCaches (1ms)
			RebuildScriptCaches (28ms)
			SetupLoadedEditorAssemblies (230ms)
				LogAssemblyErrors (0ms)
				InitializePlatformSupportModulesInManaged (16ms)
				SetLoadedEditorAssemblies (0ms)
				RefreshPlugins (1ms)
				BeforeProcessingInitializeOnLoad (48ms)
				ProcessInitializeOnLoadAttributes (140ms)
				ProcessInitializeOnLoadMethodAttributes (20ms)
				AfterProcessingInitializeOnLoad (6ms)
				EditorAssembliesLoaded (0ms)
			ExecutionOrderSort2 (0ms)
			AwakeInstancesAfterBackupRestoration (4ms)
Platform modules already initialized, skipping
Refreshing native plugins compatible for Editor in 1.68 ms, found 3 plugins.
Preloading 0 native plugins for Editor in 0.00 ms.
Unloading 3412 Unused Serialized files (Serialized files now loaded: 0)
Unloading 18 unused Assets / (24.7 KB). Loaded Objects now: 3960.
Memory consumption went from 218.7 MB to 218.7 MB.
Total: 2.545300 ms (FindLiveObjects: 0.234800 ms CreateObjectMapping: 0.126400 ms MarkObjects: 2.164700 ms  DeleteObjects: 0.018600 ms)

AssetImportParameters requested are different than current active one (requested -> active):
  custom:video-decoder-ogg-theora: a1e56fd34408186e4bbccfd4996cb3dc -> 
  custom:container-muxer-webm: aa71ff27fc2769a1b78a27578f13a17b -> 
  custom:container-demuxer-webm: 4f35f7cbe854078d1ac9338744f61a02 -> 
  custom:video-encoder-webm-vp8: eb34c28f22e8b96e1ab97ce403110664 -> 
  custom:audio-encoder-webm-vorbis: bf7c407c2cedff20999df2af8eb42d56 -> 
  custom:framework-win-MediaFoundation: 216162199b28c13a410421893ffa2e32 -> 
  custom:container-demuxer-ogg: 62fdf1f143b41e24485cea50d1cbac27 -> 
  custom:video-decoder-webm-vp8: 9c59270c3fd7afecdb556c50c9e8de78 -> 
  custom:audio-decoder-ogg-vorbis: bf7c407c2cedff20999df2af8eb42d56 -> 
